# JRE version: Java(TM) SE Runtime Environment (17.0.12+8) (build 17.0.12+8-LTS-286)
# Java VM: Java HotSpot(TM) 64-Bit Server VM (17.0.12+8-LTS-286, mixed mode, sharing, tiered, compressed oops, compressed class ptrs, g1 gc, windows-amd64)
GC Precious Log:
 CPUs: 8 total, 8 available
 Memory: 16086M
 Large Page Support: Disabled
 NUMA Support: Disabled
 Compressed Oops: Enabled (Zero based)
 Heap Region Size: 2M
 Heap Min Capacity: 8M
 Heap Initial Capacity: 252M
 Heap Max Capacity: 4G
 Pre-touch: Disabled
 Parallel Workers: 8
 Concurrent Workers: 2
 Concurrent Refinement Workers: 8
 Periodic GC: Disabled
Heap:
 garbage-first heap   total 307200K, used 200880K [0x0000000700000000, 0x0000000800000000)
  region size 2048K, 10 young (20480K), 1 survivors (2048K)
 Metaspace       used 115196K, committed 116608K, reserved 983040K
  class space    used 15739K, committed 16384K, reserved 851968K
GC Heap History (20 events):
Event: 67.645 GC heap before
{Heap before GC invocations=61 (full 0):
 garbage-first heap   total 233472K, used 164533K [0x0000000700000000, 0x0000000800000000)
  region size 2048K, 17 young (34816K), 3 survivors (6144K)
 Metaspace       used 103397K, committed 104576K, reserved 983040K
  class space    used 14363K, committed 14912K, reserved 851968K
}
Event: 67.654 GC heap after
{Heap after GC invocations=62 (full 0):
 garbage-first heap   total 233472K, used 142761K [0x0000000700000000, 0x0000000800000000)
  region size 2048K, 3 young (6144K), 3 survivors (6144K)
 Metaspace       used 103397K, committed 104576K, reserved 983040K
  class space    used 14363K, committed 14912K, reserved 851968K
}
Event: 71.817 GC heap before
{Heap before GC invocations=62 (full 0):
 garbage-first heap   total 233472K, used 185769K [0x0000000700000000, 0x0000000800000000)
  region size 2048K, 25 young (51200K), 3 survivors (6144K)
 Metaspace       used 103718K, committed 104832K, reserved 983040K
  class space    used 14400K, committed 14912K, reserved 851968K
}
Event: 71.824 GC heap after
{Heap after GC invocations=63 (full 0):
 garbage-first heap   total 233472K, used 149714K [0x0000000700000000, 0x0000000800000000)
  region size 2048K, 4 young (8192K), 4 survivors (8192K)
 Metaspace       used 103718K, committed 104832K, reserved 983040K
  class space    used 14400K, committed 14912K, reserved 851968K
}
Event: 76.379 GC heap before
{Heap before GC invocations=64 (full 0):
 garbage-first heap   total 260096K, used 188626K [0x0000000700000000, 0x0000000800000000)
  region size 2048K, 23 young (47104K), 4 survivors (8192K)
 Metaspace       used 104133K, committed 105344K, reserved 983040K
  class space    used 14449K, committed 15040K, reserved 851968K
}
Event: 76.389 GC heap after
{Heap after GC invocations=65 (full 0):
 garbage-first heap   total 260096K, used 155802K [0x0000000700000000, 0x0000000800000000)
  region size 2048K, 3 young (6144K), 3 survivors (6144K)
 Metaspace       used 104133K, committed 105344K, reserved 983040K
  class space    used 14449K, committed 15040K, reserved 851968K
}
Event: 76.443 GC heap before
{Heap before GC invocations=65 (full 0):
 garbage-first heap   total 260096K, used 159898K [0x0000000700000000, 0x0000000800000000)
  region size 2048K, 6 young (12288K), 3 survivors (6144K)
 Metaspace       used 104133K, committed 105344K, reserved 983040K
  class space    used 14449K, committed 15040K, reserved 851968K
}
Event: 76.448 GC heap after
{Heap after GC invocations=66 (full 0):
 garbage-first heap   total 260096K, used 156696K [0x0000000700000000, 0x0000000800000000)
  region size 2048K, 1 young (2048K), 1 survivors (2048K)
 Metaspace       used 104133K, committed 105344K, reserved 983040K
  class space    used 14449K, committed 15040K, reserved 851968K
}
Event: 78.841 GC heap before
{Heap before GC invocations=66 (full 0):
 garbage-first heap   total 260096K, used 209944K [0x0000000700000000, 0x0000000800000000)
  region size 2048K, 27 young (55296K), 1 survivors (2048K)
 Metaspace       used 104787K, committed 106048K, reserved 983040K
  class space    used 14516K, committed 15104K, reserved 851968K
}
Event: 78.853 GC heap after
{Heap after GC invocations=67 (full 0):
 garbage-first heap   total 260096K, used 165001K [0x0000000700000000, 0x0000000800000000)
  region size 2048K, 4 young (8192K), 4 survivors (8192K)
 Metaspace       used 104787K, committed 106048K, reserved 983040K
  class space    used 14516K, committed 15104K, reserved 851968K
}
Event: 82.271 GC heap before
{Heap before GC invocations=68 (full 0):
 garbage-first heap   total 284672K, used 210057K [0x0000000700000000, 0x0000000800000000)
  region size 2048K, 26 young (53248K), 4 survivors (8192K)
 Metaspace       used 107714K, committed 108992K, reserved 983040K
  class space    used 14977K, committed 15552K, reserved 851968K
}
Event: 82.281 GC heap after
{Heap after GC invocations=69 (full 0):
 garbage-first heap   total 284672K, used 168845K [0x0000000700000000, 0x0000000800000000)
  region size 2048K, 2 young (4096K), 2 survivors (4096K)
 Metaspace       used 107714K, committed 108992K, reserved 983040K
  class space    used 14977K, committed 15552K, reserved 851968K
}
Event: 82.799 GC heap before
{Heap before GC invocations=69 (full 0):
 garbage-first heap   total 284672K, used 177037K [0x0000000700000000, 0x0000000800000000)
  region size 2048K, 6 young (12288K), 2 survivors (4096K)
 Metaspace       used 108931K, committed 110208K, reserved 983040K
  class space    used 15119K, committed 15680K, reserved 851968K
}
Event: 82.805 GC heap after
{Heap after GC invocations=70 (full 0):
 garbage-first heap   total 284672K, used 168864K [0x0000000700000000, 0x0000000800000000)
  region size 2048K, 1 young (2048K), 1 survivors (2048K)
 Metaspace       used 108931K, committed 110208K, reserved 983040K
  class space    used 15119K, committed 15680K, reserved 851968K
}
Event: 85.903 GC heap before
{Heap before GC invocations=70 (full 0):
 garbage-first heap   total 284672K, used 230304K [0x0000000700000000, 0x0000000800000000)
  region size 2048K, 31 young (63488K), 1 survivors (2048K)
 Metaspace       used 111981K, committed 113344K, reserved 983040K
  class space    used 15484K, committed 16128K, reserved 851968K
}
Event: 85.913 GC heap after
{Heap after GC invocations=71 (full 0):
 garbage-first heap   total 284672K, used 176886K [0x0000000700000000, 0x0000000800000000)
  region size 2048K, 4 young (8192K), 4 survivors (8192K)
 Metaspace       used 111981K, committed 113344K, reserved 983040K
  class space    used 15484K, committed 16128K, reserved 851968K
}
Event: 88.033 GC heap before
{Heap before GC invocations=72 (full 0):
 garbage-first heap   total 307200K, used 228086K [0x0000000700000000, 0x0000000800000000)
  region size 2048K, 30 young (61440K), 4 survivors (8192K)
 Metaspace       used 113483K, committed 114880K, reserved 983040K
  class space    used 15641K, committed 16320K, reserved 851968K
}
Event: 88.046 GC heap after
{Heap after GC invocations=73 (full 0):
 garbage-first heap   total 307200K, used 185433K [0x0000000700000000, 0x0000000800000000)
  region size 2048K, 4 young (8192K), 4 survivors (8192K)
 Metaspace       used 113483K, committed 114880K, reserved 983040K
  class space    used 15641K, committed 16320K, reserved 851968K
}
Event: 88.189 GC heap before
{Heap before GC invocations=73 (full 0):
 garbage-first heap   total 307200K, used 191577K [0x0000000700000000, 0x0000000800000000)
  region size 2048K, 7 young (14336K), 4 survivors (8192K)
 Metaspace       used 113951K, committed 115328K, reserved 983040K
  class space    used 15688K, committed 16320K, reserved 851968K
}
Event: 88.199 GC heap after
{Heap after GC invocations=74 (full 0):
 garbage-first heap   total 307200K, used 186544K [0x0000000700000000, 0x0000000800000000)
  region size 2048K, 1 young (2048K), 1 survivors (2048K)
 Metaspace       used 113951K, committed 115328K, reserved 983040K
  class space    used 15688K, committed 16320K, reserved 851968K
}

